0 info it worked if it ends with ok
1 verbose cli [ 'node', '/usr/local/bin/npm', 'install', 'phantomjs-node' ]
2 info using npm@1.2.14
3 info using node@v0.10.0
4 verbose read json /Users/MK/Web/node/package.json
5 verbose read json /Users/MK/Web/node/node_modules/cheerio/package.json
6 verbose read json /Users/MK/Web/node/node_modules/phantom/package.json
7 verbose read json /Users/MK/Web/node/node_modules/phantomjs/package.json
8 verbose read json /Users/MK/Web/node/package.json
9 verbose cache add [ 'phantomjs-node', null ]
10 verbose cache add name=undefined spec="phantomjs-node" args=["phantomjs-node",null]
11 verbose parsed url { protocol: null,
11 verbose parsed url   slashes: null,
11 verbose parsed url   auth: null,
11 verbose parsed url   host: null,
11 verbose parsed url   port: null,
11 verbose parsed url   hostname: null,
11 verbose parsed url   hash: null,
11 verbose parsed url   search: null,
11 verbose parsed url   query: null,
11 verbose parsed url   pathname: 'phantomjs-node',
11 verbose parsed url   path: 'phantomjs-node',
11 verbose parsed url   href: 'phantomjs-node' }
12 silly lockFile 88577dac-phantomjs-node phantomjs-node
13 verbose lock phantomjs-node /Users/MK/.npm/88577dac-phantomjs-node.lock
14 silly lockFile 88577dac-phantomjs-node phantomjs-node
15 silly lockFile 88577dac-phantomjs-node phantomjs-node
16 verbose addNamed [ 'phantomjs-node', '' ]
17 verbose addNamed [ null, '' ]
18 silly lockFile df618dc5-phantomjs-node phantomjs-node@
19 verbose lock phantomjs-node@ /Users/MK/.npm/df618dc5-phantomjs-node.lock
20 silly addNameRange { name: 'phantomjs-node', range: '', hasData: false }
21 verbose url raw phantomjs-node
22 verbose url resolving [ 'https://registry.npmjs.org/', './phantomjs-node' ]
23 verbose url resolved https://registry.npmjs.org/phantomjs-node
24 info trying registry request attempt 1 at 14:16:15
25 http GET https://registry.npmjs.org/phantomjs-node
26 http 404 https://registry.npmjs.org/phantomjs-node
27 silly registry.get cb [ 404,
27 silly registry.get   { server: 'CouchDB/1.2.1 (Erlang OTP/R15B03)',
27 silly registry.get     date: 'Wed, 27 Mar 2013 05:16:16 GMT',
27 silly registry.get     'content-type': 'application/json',
27 silly registry.get     'content-length': '52',
27 silly registry.get     'cache-control': 'must-revalidate' } ]
28 silly lockFile df618dc5-phantomjs-node phantomjs-node@
29 silly lockFile df618dc5-phantomjs-node phantomjs-node@
30 error 404 'phantomjs-node' is not in the npm registry.
30 error 404 You should bug the author to publish it
30 error 404
30 error 404 Note that you can also install from a
30 error 404 tarball, folder, or http url, or git url.
31 error System Darwin 12.3.0
32 error command "node" "/usr/local/bin/npm" "install" "phantomjs-node"
33 error cwd /Users/MK/Web/node
34 error node -v v0.10.0
35 error npm -v 1.2.14
36 error code E404
37 verbose exit [ 1, true ]
